  [1m[36m (423.6ms)[0m  [1mCREATE TABLE `schema_migrations` (`version` varchar(255) NOT NULL) ENGINE=InnoDB[0m
  [1m[35m (558.2ms)[0m  CREATE UNIQUE INDEX `unique_schema_migrations` ON `schema_migrations` (`version`) 
  [1m[36mActiveRecord::SchemaMigration Load (0.3ms)[0m  [1mSELECT `schema_migrations`.* FROM `schema_migrations`[0m
Migrating to CreateBooks (20130923105141)
  [1m[36mActiveRecord::SchemaMigration Load (0.2ms)[0m  [1mSELECT `schema_migrations`.* FROM `schema_migrations`[0m
Migrating to CreateBooks (20130923105141)
  [1m[36mActiveRecord::SchemaMigration Load (0.2ms)[0m  [1mSELECT `schema_migrations`.* FROM `schema_migrations`[0m
Migrating to CreateBooks (20130923105141)
  [1m[35m (223.7ms)[0m  CREATE TABLE `books` (`id` int(11) DEFAULT NULL auto_increment PRIMARY KEY, `title` varchar(255), `author` varchar(255), `releaseDate` date, `created_at` datetime, `updated_at` datetime) ENGINE=InnoDB
  [1m[36m (0.1ms)[0m  [1mBEGIN[0m
  [1m[35mSQL (64.9ms)[0m  INSERT INTO `schema_migrations` (`version`) VALUES ('20130923105141')
  [1m[36m (68.9ms)[0m  [1mCOMMIT[0m
  [1m[35mActiveRecord::SchemaMigration Load (0.3ms)[0m  SELECT `schema_migrations`.* FROM `schema_migrations`
DEPRECATION WARNING: You didn't set config.secret_key_base. Read the upgrade documentation to learn more about this new config option. (called from service at /home/user/.rvm/rubies/ruby-1.9.3-p194/lib/ruby/1.9.1/webrick/httpserver.rb:138)


Started GET "/" for 127.0.0.1 at 2013-09-23 16:24:16 +0530
  [1m[36mActiveRecord::SchemaMigration Load (0.1ms)[0m  [1mSELECT `schema_migrations`.* FROM `schema_migrations`[0m
Processing by Rails::WelcomeController#index as HTML
  Rendered /home/user/.rvm/gems/ruby-1.9.3-p194@FoBackbone/gems/railties-4.0.0/lib/rails/templates/rails/welcome/index.html.erb (18.4ms)
Completed 200 OK in 95ms (Views: 94.2ms | ActiveRecord: 0.0ms)


Started GET "/rails/info/properties" for 127.0.0.1 at 2013-09-23 16:24:18 +0530
Processing by Rails::InfoController#properties as */*
  [1m[35mActiveRecord::SchemaMigration Load (0.2ms)[0m  SELECT `schema_migrations`.* FROM `schema_migrations`
  Rendered /home/user/.rvm/gems/ruby-1.9.3-p194@FoBackbone/gems/railties-4.0.0/lib/rails/templates/rails/info/properties.html.erb (0.4ms)
Completed 200 OK in 83ms (Views: 57.8ms | ActiveRecord: 0.6ms)


Started GET "/books" for 127.0.0.1 at 2013-09-23 16:24:22 +0530
Processing by BooksController#index as HTML
  [1m[36mBook Load (0.2ms)[0m  [1mSELECT `books`.* FROM `books`[0m
Completed 200 OK in 4ms (Views: 1.0ms | ActiveRecord: 1.2ms)
  [1m[36m (0.1ms)[0m  [1mBEGIN[0m
  [1m[35mSQL (32.3ms)[0m  INSERT INTO `books` (`created_at`, `title`, `updated_at`) VALUES ('2013-09-23 11:35:40', 'Test Data', '2013-09-23 11:35:40')
  [1m[36m (81.6ms)[0m  [1mCOMMIT[0m
DEPRECATION WARNING: You didn't set config.secret_key_base. Read the upgrade documentation to learn more about this new config option. (called from service at /home/user/.rvm/rubies/ruby-1.9.3-p194/lib/ruby/1.9.1/webrick/httpserver.rb:138)


Started GET "/" for 127.0.0.1 at 2013-09-23 17:06:19 +0530
  [1m[36mActiveRecord::SchemaMigration Load (0.1ms)[0m  [1mSELECT `schema_migrations`.* FROM `schema_migrations`[0m
Processing by Rails::WelcomeController#index as HTML
  Rendered /home/user/.rvm/gems/ruby-1.9.3-p194@FoBackbone/gems/railties-4.0.0/lib/rails/templates/rails/welcome/index.html.erb (1.8ms)
Completed 200 OK in 8ms (Views: 7.4ms | ActiveRecord: 0.0ms)


Started GET "/api/books" for 127.0.0.1 at 2013-09-23 17:06:25 +0530

ActionController::RoutingError (uninitialized constant Api):
  activesupport (4.0.0) lib/active_support/inflector/methods.rb:226:in `const_get'
  activesupport (4.0.0) lib/active_support/inflector/methods.rb:226:in `block in constantize'
  activesupport (4.0.0) lib/active_support/inflector/methods.rb:224:in `each'
  activesupport (4.0.0) lib/active_support/inflector/methods.rb:224:in `inject'
  activesupport (4.0.0) lib/active_support/inflector/methods.rb:224:in `constantize'
  actionpack (4.0.0) lib/action_dispatch/routing/route_set.rb:76:in `controller_reference'
  actionpack (4.0.0) lib/action_dispatch/routing/route_set.rb:66:in `controller'
  actionpack (4.0.0) lib/action_dispatch/routing/route_set.rb:44:in `call'
  actionpack (4.0.0) lib/action_dispatch/journey/router.rb:71:in `block in call'
  actionpack (4.0.0) lib/action_dispatch/journey/router.rb:59:in `each'
  actionpack (4.0.0) lib/action_dispatch/journey/router.rb:59:in `call'
  actionpack (4.0.0) lib/action_dispatch/routing/route_set.rb:655:in `call'
  rack (1.5.2) lib/rack/etag.rb:23:in `call'
  rack (1.5.2) lib/rack/conditionalget.rb:25:in `call'
  rack (1.5.2) lib/rack/head.rb:11:in `call'
  actionpack (4.0.0) lib/action_dispatch/middleware/params_parser.rb:27:in `call'
  activerecord (4.0.0) lib/active_record/query_cache.rb:36:in `call'
  activerecord (4.0.0) lib/active_record/connection_adapters/abstract/connection_pool.rb:626:in `call'
  activerecord (4.0.0) lib/active_record/migration.rb:369:in `call'
  actionpack (4.0.0) lib/action_dispatch/middleware/callbacks.rb:29:in `block in call'
  activesupport (4.0.0) lib/active_support/callbacks.rb:373:in `_run__3536565561316533263__call__callbacks'
  activesupport (4.0.0) lib/active_support/callbacks.rb:80:in `run_callbacks'
  actionpack (4.0.0) lib/action_dispatch/middleware/callbacks.rb:27:in `call'
  actionpack (4.0.0) lib/action_dispatch/middleware/reloader.rb:64:in `call'
  actionpack (4.0.0) lib/action_dispatch/middleware/remote_ip.rb:76:in `call'
  actionpack (4.0.0) lib/action_dispatch/middleware/debug_exceptions.rb:17:in `call'
  actionpack (4.0.0) lib/action_dispatch/middleware/show_exceptions.rb:30:in `call'
  railties (4.0.0) lib/rails/rack/logger.rb:38:in `call_app'
  railties (4.0.0) lib/rails/rack/logger.rb:21:in `block in call'
  activesupport (4.0.0) lib/active_support/tagged_logging.rb:67:in `block in tagged'
  activesupport (4.0.0) lib/active_support/tagged_logging.rb:25:in `tagged'
  activesupport (4.0.0) lib/active_support/tagged_logging.rb:67:in `tagged'
  railties (4.0.0) lib/rails/rack/logger.rb:21:in `call'
  actionpack (4.0.0) lib/action_dispatch/middleware/request_id.rb:21:in `call'
  rack (1.5.2) lib/rack/runtime.rb:17:in `call'
  activesupport (4.0.0) lib/active_support/cache/strategy/local_cache.rb:83:in `call'
  rack (1.5.2) lib/rack/lock.rb:17:in `call'
  actionpack (4.0.0) lib/action_dispatch/middleware/static.rb:64:in `call'
  railties (4.0.0) lib/rails/engine.rb:511:in `call'
  railties (4.0.0) lib/rails/application.rb:97:in `call'
  rack (1.5.2) lib/rack/lock.rb:17:in `call'
  rack (1.5.2) lib/rack/content_length.rb:14:in `call'
  rack (1.5.2) lib/rack/handler/webrick.rb:60:in `service'
  /home/user/.rvm/rubies/ruby-1.9.3-p194/lib/ruby/1.9.1/webrick/httpserver.rb:138:in `service'
  /home/user/.rvm/rubies/ruby-1.9.3-p194/lib/ruby/1.9.1/webrick/httpserver.rb:94:in `run'
  /home/user/.rvm/rubies/ruby-1.9.3-p194/lib/ruby/1.9.1/webrick/server.rb:191:in `block in start_thread'


  Rendered /home/user/.rvm/gems/ruby-1.9.3-p194@FoBackbone/gems/actionpack-4.0.0/lib/action_dispatch/middleware/templates/rescues/_trace.erb (15.9ms)
  Rendered /home/user/.rvm/gems/ruby-1.9.3-p194@FoBackbone/gems/actionpack-4.0.0/lib/action_dispatch/middleware/templates/routes/_route.html.erb (1.0ms)
  Rendered /home/user/.rvm/gems/ruby-1.9.3-p194@FoBackbone/gems/actionpack-4.0.0/lib/action_dispatch/middleware/templates/routes/_table.html.erb (23.0ms)
  Rendered /home/user/.rvm/gems/ruby-1.9.3-p194@FoBackbone/gems/actionpack-4.0.0/lib/action_dispatch/middleware/templates/rescues/routing_error.erb within rescues/layout (78.1ms)


Started GET "/api/books" for 127.0.0.1 at 2013-09-23 17:06:36 +0530

ActionController::RoutingError (uninitialized constant Api):
  activesupport (4.0.0) lib/active_support/inflector/methods.rb:226:in `const_get'
  activesupport (4.0.0) lib/active_support/inflector/methods.rb:226:in `block in constantize'
  activesupport (4.0.0) lib/active_support/inflector/methods.rb:224:in `each'
  activesupport (4.0.0) lib/active_support/inflector/methods.rb:224:in `inject'
  activesupport (4.0.0) lib/active_support/inflector/methods.rb:224:in `constantize'
  actionpack (4.0.0) lib/action_dispatch/routing/route_set.rb:76:in `controller_reference'
  actionpack (4.0.0) lib/action_dispatch/routing/route_set.rb:66:in `controller'
  actionpack (4.0.0) lib/action_dispatch/routing/route_set.rb:44:in `call'
  actionpack (4.0.0) lib/action_dispatch/journey/router.rb:71:in `block in call'
  actionpack (4.0.0) lib/action_dispatch/journey/router.rb:59:in `each'
  actionpack (4.0.0) lib/action_dispatch/journey/router.rb:59:in `call'
  actionpack (4.0.0) lib/action_dispatch/routing/route_set.rb:655:in `call'
  rack (1.5.2) lib/rack/etag.rb:23:in `call'
  rack (1.5.2) lib/rack/conditionalget.rb:25:in `call'
  rack (1.5.2) lib/rack/head.rb:11:in `call'
  actionpack (4.0.0) lib/action_dispatch/middleware/params_parser.rb:27:in `call'
  activerecord (4.0.0) lib/active_record/query_cache.rb:36:in `call'
  activerecord (4.0.0) lib/active_record/connection_adapters/abstract/connection_pool.rb:626:in `call'
  activerecord (4.0.0) lib/active_record/migration.rb:369:in `call'
  actionpack (4.0.0) lib/action_dispatch/middleware/callbacks.rb:29:in `block in call'
  activesupport (4.0.0) lib/active_support/callbacks.rb:373:in `_run__3536565561316533263__call__callbacks'
  activesupport (4.0.0) lib/active_support/callbacks.rb:80:in `run_callbacks'
  actionpack (4.0.0) lib/action_dispatch/middleware/callbacks.rb:27:in `call'
  actionpack (4.0.0) lib/action_dispatch/middleware/reloader.rb:64:in `call'
  actionpack (4.0.0) lib/action_dispatch/middleware/remote_ip.rb:76:in `call'
  actionpack (4.0.0) lib/action_dispatch/middleware/debug_exceptions.rb:17:in `call'
  actionpack (4.0.0) lib/action_dispatch/middleware/show_exceptions.rb:30:in `call'
  railties (4.0.0) lib/rails/rack/logger.rb:38:in `call_app'
  railties (4.0.0) lib/rails/rack/logger.rb:21:in `block in call'
  activesupport (4.0.0) lib/active_support/tagged_logging.rb:67:in `block in tagged'
  activesupport (4.0.0) lib/active_support/tagged_logging.rb:25:in `tagged'
  activesupport (4.0.0) lib/active_support/tagged_logging.rb:67:in `tagged'
  railties (4.0.0) lib/rails/rack/logger.rb:21:in `call'
  actionpack (4.0.0) lib/action_dispatch/middleware/request_id.rb:21:in `call'
  rack (1.5.2) lib/rack/runtime.rb:17:in `call'
  activesupport (4.0.0) lib/active_support/cache/strategy/local_cache.rb:83:in `call'
  rack (1.5.2) lib/rack/lock.rb:17:in `call'
  actionpack (4.0.0) lib/action_dispatch/middleware/static.rb:64:in `call'
  railties (4.0.0) lib/rails/engine.rb:511:in `call'
  railties (4.0.0) lib/rails/application.rb:97:in `call'
  rack (1.5.2) lib/rack/lock.rb:17:in `call'
  rack (1.5.2) lib/rack/content_length.rb:14:in `call'
  rack (1.5.2) lib/rack/handler/webrick.rb:60:in `service'
  /home/user/.rvm/rubies/ruby-1.9.3-p194/lib/ruby/1.9.1/webrick/httpserver.rb:138:in `service'
  /home/user/.rvm/rubies/ruby-1.9.3-p194/lib/ruby/1.9.1/webrick/httpserver.rb:94:in `run'
  /home/user/.rvm/rubies/ruby-1.9.3-p194/lib/ruby/1.9.1/webrick/server.rb:191:in `block in start_thread'


  Rendered /home/user/.rvm/gems/ruby-1.9.3-p194@FoBackbone/gems/actionpack-4.0.0/lib/action_dispatch/middleware/templates/rescues/_trace.erb (1.1ms)
  Rendered /home/user/.rvm/gems/ruby-1.9.3-p194@FoBackbone/gems/actionpack-4.0.0/lib/action_dispatch/middleware/templates/routes/_route.html.erb (1.1ms)
  Rendered /home/user/.rvm/gems/ruby-1.9.3-p194@FoBackbone/gems/actionpack-4.0.0/lib/action_dispatch/middleware/templates/routes/_table.html.erb (1.1ms)
  Rendered /home/user/.rvm/gems/ruby-1.9.3-p194@FoBackbone/gems/actionpack-4.0.0/lib/action_dispatch/middleware/templates/rescues/routing_error.erb within rescues/layout (14.8ms)


Started GET "/api/books" for 127.0.0.1 at 2013-09-23 17:06:39 +0530

ActionController::RoutingError (uninitialized constant Api):
  activesupport (4.0.0) lib/active_support/inflector/methods.rb:226:in `const_get'
  activesupport (4.0.0) lib/active_support/inflector/methods.rb:226:in `block in constantize'
  activesupport (4.0.0) lib/active_support/inflector/methods.rb:224:in `each'
  activesupport (4.0.0) lib/active_support/inflector/methods.rb:224:in `inject'
  activesupport (4.0.0) lib/active_support/inflector/methods.rb:224:in `constantize'
  actionpack (4.0.0) lib/action_dispatch/routing/route_set.rb:76:in `controller_reference'
  actionpack (4.0.0) lib/action_dispatch/routing/route_set.rb:66:in `controller'
  actionpack (4.0.0) lib/action_dispatch/routing/route_set.rb:44:in `call'
  actionpack (4.0.0) lib/action_dispatch/journey/router.rb:71:in `block in call'
  actionpack (4.0.0) lib/action_dispatch/journey/router.rb:59:in `each'
  actionpack (4.0.0) lib/action_dispatch/journey/router.rb:59:in `call'
  actionpack (4.0.0) lib/action_dispatch/routing/route_set.rb:655:in `call'
  rack (1.5.2) lib/rack/etag.rb:23:in `call'
  rack (1.5.2) lib/rack/conditionalget.rb:25:in `call'
  rack (1.5.2) lib/rack/head.rb:11:in `call'
  actionpack (4.0.0) lib/action_dispatch/middleware/params_parser.rb:27:in `call'
  activerecord (4.0.0) lib/active_record/query_cache.rb:36:in `call'
  activerecord (4.0.0) lib/active_record/connection_adapters/abstract/connection_pool.rb:626:in `call'
  activerecord (4.0.0) lib/active_record/migration.rb:369:in `call'
  actionpack (4.0.0) lib/action_dispatch/middleware/callbacks.rb:29:in `block in call'
  activesupport (4.0.0) lib/active_support/callbacks.rb:373:in `_run__3536565561316533263__call__callbacks'
  activesupport (4.0.0) lib/active_support/callbacks.rb:80:in `run_callbacks'
  actionpack (4.0.0) lib/action_dispatch/middleware/callbacks.rb:27:in `call'
  actionpack (4.0.0) lib/action_dispatch/middleware/reloader.rb:64:in `call'
  actionpack (4.0.0) lib/action_dispatch/middleware/remote_ip.rb:76:in `call'
  actionpack (4.0.0) lib/action_dispatch/middleware/debug_exceptions.rb:17:in `call'
  actionpack (4.0.0) lib/action_dispatch/middleware/show_exceptions.rb:30:in `call'
  railties (4.0.0) lib/rails/rack/logger.rb:38:in `call_app'
  railties (4.0.0) lib/rails/rack/logger.rb:21:in `block in call'
  activesupport (4.0.0) lib/active_support/tagged_logging.rb:67:in `block in tagged'
  activesupport (4.0.0) lib/active_support/tagged_logging.rb:25:in `tagged'
  activesupport (4.0.0) lib/active_support/tagged_logging.rb:67:in `tagged'
  railties (4.0.0) lib/rails/rack/logger.rb:21:in `call'
  actionpack (4.0.0) lib/action_dispatch/middleware/request_id.rb:21:in `call'
  rack (1.5.2) lib/rack/runtime.rb:17:in `call'
  activesupport (4.0.0) lib/active_support/cache/strategy/local_cache.rb:83:in `call'
  rack (1.5.2) lib/rack/lock.rb:17:in `call'
  actionpack (4.0.0) lib/action_dispatch/middleware/static.rb:64:in `call'
  railties (4.0.0) lib/rails/engine.rb:511:in `call'
  railties (4.0.0) lib/rails/application.rb:97:in `call'
  rack (1.5.2) lib/rack/lock.rb:17:in `call'
  rack (1.5.2) lib/rack/content_length.rb:14:in `call'
  rack (1.5.2) lib/rack/handler/webrick.rb:60:in `service'
  /home/user/.rvm/rubies/ruby-1.9.3-p194/lib/ruby/1.9.1/webrick/httpserver.rb:138:in `service'
  /home/user/.rvm/rubies/ruby-1.9.3-p194/lib/ruby/1.9.1/webrick/httpserver.rb:94:in `run'
  /home/user/.rvm/rubies/ruby-1.9.3-p194/lib/ruby/1.9.1/webrick/server.rb:191:in `block in start_thread'


  Rendered /home/user/.rvm/gems/ruby-1.9.3-p194@FoBackbone/gems/actionpack-4.0.0/lib/action_dispatch/middleware/templates/rescues/_trace.erb (1.0ms)
  Rendered /home/user/.rvm/gems/ruby-1.9.3-p194@FoBackbone/gems/actionpack-4.0.0/lib/action_dispatch/middleware/templates/routes/_route.html.erb (1.0ms)
  Rendered /home/user/.rvm/gems/ruby-1.9.3-p194@FoBackbone/gems/actionpack-4.0.0/lib/action_dispatch/middleware/templates/routes/_table.html.erb (3.2ms)
  Rendered /home/user/.rvm/gems/ruby-1.9.3-p194@FoBackbone/gems/actionpack-4.0.0/lib/action_dispatch/middleware/templates/rescues/routing_error.erb within rescues/layout (21.8ms)


Started GET "/books" for 127.0.0.1 at 2013-09-23 17:07:28 +0530
Processing by BooksController#index as HTML
  [1m[35mBook Load (0.2ms)[0m  SELECT `books`.* FROM `books`
Completed 200 OK in 33ms (Views: 30.0ms | ActiveRecord: 1.1ms)


Started GET "/books" for 127.0.0.1 at 2013-09-23 17:07:51 +0530
Processing by BooksController#index as HTML
  [1m[36mBook Load (0.1ms)[0m  [1mSELECT `books`.* FROM `books`[0m
Completed 200 OK in 1ms (Views: 0.9ms | ActiveRecord: 0.1ms)


Started GET "/books.json" for 127.0.0.1 at 2013-09-23 17:08:08 +0530
Processing by BooksController#index as JSON
  [1m[35mBook Load (0.1ms)[0m  SELECT `books`.* FROM `books`
Completed 200 OK in 1ms (Views: 0.7ms | ActiveRecord: 0.1ms)


Started GET "/books.json" for 127.0.0.1 at 2013-09-23 17:08:15 +0530
Processing by BooksController#index as JSON
  [1m[36mBook Load (0.7ms)[0m  [1mSELECT `books`.* FROM `books`[0m
Completed 200 OK in 2ms (Views: 0.8ms | ActiveRecord: 0.7ms)


Started GET "/books.json" for 127.0.0.1 at 2013-09-23 17:09:40 +0530
Processing by BooksController#index as JSON
  [1m[35mBook Load (0.1ms)[0m  SELECT `books`.* FROM `books`
Completed 200 OK in 1ms (Views: 0.8ms | ActiveRecord: 0.1ms)


Started GET "/books.json" for 127.0.0.1 at 2013-09-23 17:09:41 +0530
Processing by BooksController#index as JSON
  [1m[36mBook Load (0.1ms)[0m  [1mSELECT `books`.* FROM `books`[0m
Completed 200 OK in 1ms (Views: 0.7ms | ActiveRecord: 0.1ms)


Started GET "/books.json" for 127.0.0.1 at 2013-09-23 17:09:41 +0530
Processing by BooksController#index as JSON
  [1m[35mBook Load (0.1ms)[0m  SELECT `books`.* FROM `books`
Completed 200 OK in 1ms (Views: 0.7ms | ActiveRecord: 0.1ms)


Started GET "/books.json" for 127.0.0.1 at 2013-09-23 17:09:44 +0530
Processing by BooksController#index as JSON
  [1m[36mBook Load (0.1ms)[0m  [1mSELECT `books`.* FROM `books`[0m
Completed 200 OK in 1ms (Views: 0.7ms | ActiveRecord: 0.1ms)


Started GET "/books.json" for 127.0.0.1 at 2013-09-23 17:13:15 +0530
Processing by BooksController#index as JSON
  [1m[35mBook Load (0.1ms)[0m  SELECT `books`.* FROM `books`
Completed 200 OK in 1ms (Views: 0.7ms | ActiveRecord: 0.1ms)


Started GET "/books.json" for 127.0.0.1 at 2013-09-23 17:13:15 +0530
Processing by BooksController#index as JSON
  [1m[36mBook Load (0.1ms)[0m  [1mSELECT `books`.* FROM `books`[0m
Completed 200 OK in 1ms (Views: 0.7ms | ActiveRecord: 0.1ms)


Started GET "/books.json" for 127.0.0.1 at 2013-09-23 17:13:15 +0530
Processing by BooksController#index as JSON
  [1m[35mBook Load (0.1ms)[0m  SELECT `books`.* FROM `books`
Completed 200 OK in 1ms (Views: 0.7ms | ActiveRecord: 0.1ms)


Started GET "/books.json" for 127.0.0.1 at 2013-09-23 17:13:15 +0530
Processing by BooksController#index as JSON
  [1m[36mBook Load (0.1ms)[0m  [1mSELECT `books`.* FROM `books`[0m
Completed 200 OK in 1ms (Views: 0.8ms | ActiveRecord: 0.1ms)


Started GET "/books.json" for 127.0.0.1 at 2013-09-23 17:14:18 +0530
Processing by BooksController#index as JSON
  [1m[35mBook Load (0.1ms)[0m  SELECT `books`.* FROM `books`
Completed 200 OK in 1ms (Views: 0.8ms | ActiveRecord: 0.1ms)


Started GET "/books.json" for 127.0.0.1 at 2013-09-23 17:14:34 +0530
Processing by BooksController#index as JSON
  [1m[36mBook Load (0.1ms)[0m  [1mSELECT `books`.* FROM `books`[0m
Completed 200 OK in 1ms (Views: 0.7ms | ActiveRecord: 0.1ms)


Started GET "/books" for 127.0.0.1 at 2013-09-23 17:14:49 +0530
Processing by BooksController#index as HTML
  [1m[35mBook Load (0.1ms)[0m  SELECT `books`.* FROM `books`
Completed 200 OK in 1ms (Views: 0.7ms | ActiveRecord: 0.1ms)


Started GET "/books" for 127.0.0.1 at 2013-09-23 17:14:52 +0530
Processing by BooksController#index as HTML
  [1m[36mBook Load (3.8ms)[0m  [1mSELECT `books`.* FROM `books`[0m
Completed 200 OK in 5ms (Views: 0.9ms | ActiveRecord: 3.8ms)


Started GET "/books" for 127.0.0.1 at 2013-09-23 17:15:19 +0530
Processing by BooksController#index as HTML
  [1m[35mBook Load (0.1ms)[0m  SELECT `books`.* FROM `books`
Completed 200 OK in 1ms (Views: 0.7ms | ActiveRecord: 0.1ms)


Started GET "/books" for 127.0.0.1 at 2013-09-23 17:15:59 +0530
Processing by BooksController#index as HTML
  [1m[36mBook Load (1.7ms)[0m  [1mSELECT `books`.* FROM `books`[0m
Completed 200 OK in 3ms (Views: 0.8ms | ActiveRecord: 1.7ms)


Started GET "/books" for 127.0.0.1 at 2013-09-23 17:16:11 +0530
Processing by BooksController#index as HTML
  [1m[35mBook Load (0.1ms)[0m  SELECT `books`.* FROM `books`
Completed 200 OK in 1ms (Views: 0.7ms | ActiveRecord: 0.1ms)


Started GET "/books" for 127.0.0.1 at 2013-09-23 17:16:22 +0530
Processing by BooksController#index as HTML
  [1m[36mBook Load (0.1ms)[0m  [1mSELECT `books`.* FROM `books`[0m
Completed 200 OK in 1ms (Views: 0.7ms | ActiveRecord: 0.1ms)


Started GET "/books" for 127.0.0.1 at 2013-09-23 17:24:38 +0530
Processing by BooksController#index as HTML
  [1m[35mBook Load (0.1ms)[0m  SELECT `books`.* FROM `books`
Completed 200 OK in 3ms (Views: 3.2ms | ActiveRecord: 0.1ms)


Started GET "/books" for 127.0.0.1 at 2013-09-23 17:25:02 +0530
Processing by BooksController#index as HTML
  [1m[36mBook Load (0.1ms)[0m  [1mSELECT `books`.* FROM `books`[0m
Completed 200 OK in 1ms (Views: 0.7ms | ActiveRecord: 0.1ms)


Started GET "/books" for 127.0.0.1 at 2013-09-23 17:25:04 +0530
Processing by BooksController#index as HTML
  [1m[35mBook Load (0.1ms)[0m  SELECT `books`.* FROM `books`
Completed 200 OK in 1ms (Views: 0.7ms | ActiveRecord: 0.1ms)


Started GET "/books" for 127.0.0.1 at 2013-09-23 17:25:05 +0530
Processing by BooksController#index as HTML
  [1m[36mBook Load (0.1ms)[0m  [1mSELECT `books`.* FROM `books`[0m
Completed 200 OK in 1ms (Views: 0.8ms | ActiveRecord: 0.1ms)


Started GET "/books/1" for 127.0.0.1 at 2013-09-23 17:25:53 +0530
Processing by BooksController#show as HTML
  Parameters: {"id"=>"1"}
  [1m[35mBook Load (27.4ms)[0m  SELECT `books`.* FROM `books` WHERE `books`.`id` = 1 LIMIT 1
Completed 200 OK in 32ms (Views: 0.4ms | ActiveRecord: 27.4ms)
DEPRECATION WARNING: You didn't set config.secret_key_base. Read the upgrade documentation to learn more about this new config option. (called from service at /home/user/.rvm/rubies/ruby-1.9.3-p194/lib/ruby/1.9.1/webrick/httpserver.rb:138)


Started GET "/" for 127.0.0.1 at 2013-09-24 11:53:08 +0530
  [1m[36mActiveRecord::SchemaMigration Load (4.5ms)[0m  [1mSELECT `schema_migrations`.* FROM `schema_migrations`[0m
Processing by Rails::WelcomeController#index as HTML
  Rendered /home/user/.rvm/gems/ruby-1.9.3-p194@FoBackbone/gems/railties-4.0.0/lib/rails/templates/rails/welcome/index.html.erb (18.3ms)
Completed 200 OK in 118ms (Views: 117.6ms | ActiveRecord: 0.0ms)


Started GET "/books" for 127.0.0.1 at 2013-09-24 11:54:18 +0530
Processing by BooksController#index as HTML
  [1m[35mBook Load (0.3ms)[0m  SELECT `books`.* FROM `books`
Completed 200 OK in 56ms (Views: 46.3ms | ActiveRecord: 1.3ms)


Started GET "/books" for 127.0.0.1 at 2013-09-24 11:54:21 +0530
Processing by BooksController#index as HTML
  [1m[36mBook Load (0.1ms)[0m  [1mSELECT `books`.* FROM `books`[0m
Completed 200 OK in 1ms (Views: 1.0ms | ActiveRecord: 0.1ms)


Started GET "/books" for 127.0.0.1 at 2013-09-24 11:54:41 +0530
Processing by BooksController#index as HTML
  [1m[35mBook Load (0.2ms)[0m  SELECT `books`.* FROM `books`
Completed 200 OK in 1ms (Views: 1.1ms | ActiveRecord: 0.2ms)


Started GET "/books" for 127.0.0.1 at 2013-09-24 11:56:27 +0530
Processing by BooksController#index as HTML
  Rendered text template (0.0ms)
Completed 200 OK in 12ms (Views: 10.0ms | ActiveRecord: 0.0ms)


Started GET "/books" for 127.0.0.1 at 2013-09-24 11:56:39 +0530
Processing by BooksController#index as HTML
  Rendered text template (0.0ms)
Completed 200 OK in 1ms (Views: 0.4ms | ActiveRecord: 0.0ms)
DEPRECATION WARNING: You didn't set config.secret_key_base. Read the upgrade documentation to learn more about this new config option. (called from service at /home/user/.rvm/rubies/ruby-1.9.3-p194/lib/ruby/1.9.1/webrick/httpserver.rb:138)


Started GET "/" for 127.0.0.1 at 2013-09-26 14:25:11 +0530
  [1m[36mActiveRecord::SchemaMigration Load (32.5ms)[0m  [1mSELECT `schema_migrations`.* FROM `schema_migrations`[0m
Processing by Rails::WelcomeController#index as HTML
  Rendered /home/user/.rvm/gems/ruby-1.9.3-p194@FoBackbone/gems/railties-4.0.0/lib/rails/templates/rails/welcome/index.html.erb (18.1ms)
Completed 200 OK in 112ms (Views: 111.2ms | ActiveRecord: 0.0ms)


Started GET "/books" for 127.0.0.1 at 2013-09-26 14:25:18 +0530
Processing by BooksController#index as HTML
  [1m[35mBook Load (0.3ms)[0m  SELECT `books`.* FROM `books`
Completed 200 OK in 281ms (Views: 218.5ms | ActiveRecord: 29.0ms)


Started GET "/assets/css/base.css" for 127.0.0.1 at 2013-09-26 14:50:56 +0530

ActionController::RoutingError (No route matches [GET] "/assets/css/base.css"):
  actionpack (4.0.0) lib/action_dispatch/middleware/debug_exceptions.rb:21:in `call'
  actionpack (4.0.0) lib/action_dispatch/middleware/show_exceptions.rb:30:in `call'
  railties (4.0.0) lib/rails/rack/logger.rb:38:in `call_app'
  railties (4.0.0) lib/rails/rack/logger.rb:21:in `block in call'
  activesupport (4.0.0) lib/active_support/tagged_logging.rb:67:in `block in tagged'
  activesupport (4.0.0) lib/active_support/tagged_logging.rb:25:in `tagged'
  activesupport (4.0.0) lib/active_support/tagged_logging.rb:67:in `tagged'
  railties (4.0.0) lib/rails/rack/logger.rb:21:in `call'
  actionpack (4.0.0) lib/action_dispatch/middleware/request_id.rb:21:in `call'
  rack (1.5.2) lib/rack/runtime.rb:17:in `call'
  activesupport (4.0.0) lib/active_support/cache/strategy/local_cache.rb:83:in `call'
  rack (1.5.2) lib/rack/lock.rb:17:in `call'
  actionpack (4.0.0) lib/action_dispatch/middleware/static.rb:64:in `call'
  railties (4.0.0) lib/rails/engine.rb:511:in `call'
  railties (4.0.0) lib/rails/application.rb:97:in `call'
  rack (1.5.2) lib/rack/lock.rb:17:in `call'
  rack (1.5.2) lib/rack/content_length.rb:14:in `call'
  rack (1.5.2) lib/rack/handler/webrick.rb:60:in `service'
  /home/user/.rvm/rubies/ruby-1.9.3-p194/lib/ruby/1.9.1/webrick/httpserver.rb:138:in `service'
  /home/user/.rvm/rubies/ruby-1.9.3-p194/lib/ruby/1.9.1/webrick/httpserver.rb:94:in `run'
  /home/user/.rvm/rubies/ruby-1.9.3-p194/lib/ruby/1.9.1/webrick/server.rb:191:in `block in start_thread'


  Rendered /home/user/.rvm/gems/ruby-1.9.3-p194@FoBackbone/gems/actionpack-4.0.0/lib/action_dispatch/middleware/templates/rescues/_trace.erb (1.0ms)
  Rendered /home/user/.rvm/gems/ruby-1.9.3-p194@FoBackbone/gems/actionpack-4.0.0/lib/action_dispatch/middleware/templates/routes/_route.html.erb (1.0ms)
  Rendered /home/user/.rvm/gems/ruby-1.9.3-p194@FoBackbone/gems/actionpack-4.0.0/lib/action_dispatch/middleware/templates/routes/_table.html.erb (14.7ms)
  Rendered /home/user/.rvm/gems/ruby-1.9.3-p194@FoBackbone/gems/actionpack-4.0.0/lib/action_dispatch/middleware/templates/rescues/routing_error.erb within rescues/layout (36.1ms)


Started GET "/scripts/vendor/requirejs/require.js" for 127.0.0.1 at 2013-09-26 14:50:57 +0530

ActionController::RoutingError (No route matches [GET] "/scripts/vendor/requirejs/require.js"):
  actionpack (4.0.0) lib/action_dispatch/middleware/debug_exceptions.rb:21:in `call'
  actionpack (4.0.0) lib/action_dispatch/middleware/show_exceptions.rb:30:in `call'
  railties (4.0.0) lib/rails/rack/logger.rb:38:in `call_app'
  railties (4.0.0) lib/rails/rack/logger.rb:21:in `block in call'
  activesupport (4.0.0) lib/active_support/tagged_logging.rb:67:in `block in tagged'
  activesupport (4.0.0) lib/active_support/tagged_logging.rb:25:in `tagged'
  activesupport (4.0.0) lib/active_support/tagged_logging.rb:67:in `tagged'
  railties (4.0.0) lib/rails/rack/logger.rb:21:in `call'
  actionpack (4.0.0) lib/action_dispatch/middleware/request_id.rb:21:in `call'
  rack (1.5.2) lib/rack/runtime.rb:17:in `call'
  activesupport (4.0.0) lib/active_support/cache/strategy/local_cache.rb:83:in `call'
  rack (1.5.2) lib/rack/lock.rb:17:in `call'
  actionpack (4.0.0) lib/action_dispatch/middleware/static.rb:64:in `call'
  railties (4.0.0) lib/rails/engine.rb:511:in `call'
  railties (4.0.0) lib/rails/application.rb:97:in `call'
  rack (1.5.2) lib/rack/lock.rb:17:in `call'
  rack (1.5.2) lib/rack/content_length.rb:14:in `call'
  rack (1.5.2) lib/rack/handler/webrick.rb:60:in `service'
  /home/user/.rvm/rubies/ruby-1.9.3-p194/lib/ruby/1.9.1/webrick/httpserver.rb:138:in `service'
  /home/user/.rvm/rubies/ruby-1.9.3-p194/lib/ruby/1.9.1/webrick/httpserver.rb:94:in `run'
  /home/user/.rvm/rubies/ruby-1.9.3-p194/lib/ruby/1.9.1/webrick/server.rb:191:in `block in start_thread'


  Rendered /home/user/.rvm/gems/ruby-1.9.3-p194@FoBackbone/gems/actionpack-4.0.0/lib/action_dispatch/middleware/templates/rescues/_trace.erb (1.0ms)
  Rendered /home/user/.rvm/gems/ruby-1.9.3-p194@FoBackbone/gems/actionpack-4.0.0/lib/action_dispatch/middleware/templates/routes/_route.html.erb (1.0ms)
  Rendered /home/user/.rvm/gems/ruby-1.9.3-p194@FoBackbone/gems/actionpack-4.0.0/lib/action_dispatch/middleware/templates/routes/_table.html.erb (1.1ms)
  Rendered /home/user/.rvm/gems/ruby-1.9.3-p194@FoBackbone/gems/actionpack-4.0.0/lib/action_dispatch/middleware/templates/rescues/routing_error.erb within rescues/layout (12.9ms)


Started GET "/assets/img/placeholder.png" for 127.0.0.1 at 2013-09-26 14:50:57 +0530

ActionController::RoutingError (No route matches [GET] "/assets/img/placeholder.png"):
  actionpack (4.0.0) lib/action_dispatch/middleware/debug_exceptions.rb:21:in `call'
  actionpack (4.0.0) lib/action_dispatch/middleware/show_exceptions.rb:30:in `call'
  railties (4.0.0) lib/rails/rack/logger.rb:38:in `call_app'
  railties (4.0.0) lib/rails/rack/logger.rb:21:in `block in call'
  activesupport (4.0.0) lib/active_support/tagged_logging.rb:67:in `block in tagged'
  activesupport (4.0.0) lib/active_support/tagged_logging.rb:25:in `tagged'
  activesupport (4.0.0) lib/active_support/tagged_logging.rb:67:in `tagged'
  railties (4.0.0) lib/rails/rack/logger.rb:21:in `call'
  actionpack (4.0.0) lib/action_dispatch/middleware/request_id.rb:21:in `call'
  rack (1.5.2) lib/rack/runtime.rb:17:in `call'
  activesupport (4.0.0) lib/active_support/cache/strategy/local_cache.rb:83:in `call'
  rack (1.5.2) lib/rack/lock.rb:17:in `call'
  actionpack (4.0.0) lib/action_dispatch/middleware/static.rb:64:in `call'
  railties (4.0.0) lib/rails/engine.rb:511:in `call'
  railties (4.0.0) lib/rails/application.rb:97:in `call'
  rack (1.5.2) lib/rack/lock.rb:17:in `call'
  rack (1.5.2) lib/rack/content_length.rb:14:in `call'
  rack (1.5.2) lib/rack/handler/webrick.rb:60:in `service'
  /home/user/.rvm/rubies/ruby-1.9.3-p194/lib/ruby/1.9.1/webrick/httpserver.rb:138:in `service'
  /home/user/.rvm/rubies/ruby-1.9.3-p194/lib/ruby/1.9.1/webrick/httpserver.rb:94:in `run'
  /home/user/.rvm/rubies/ruby-1.9.3-p194/lib/ruby/1.9.1/webrick/server.rb:191:in `block in start_thread'


  Rendered /home/user/.rvm/gems/ruby-1.9.3-p194@FoBackbone/gems/actionpack-4.0.0/lib/action_dispatch/middleware/templates/rescues/_trace.erb (0.9ms)
  Rendered /home/user/.rvm/gems/ruby-1.9.3-p194@FoBackbone/gems/actionpack-4.0.0/lib/action_dispatch/middleware/templates/routes/_route.html.erb (0.9ms)
  Rendered /home/user/.rvm/gems/ruby-1.9.3-p194@FoBackbone/gems/actionpack-4.0.0/lib/action_dispatch/middleware/templates/routes/_table.html.erb (1.0ms)
  Rendered /home/user/.rvm/gems/ruby-1.9.3-p194@FoBackbone/gems/actionpack-4.0.0/lib/action_dispatch/middleware/templates/rescues/routing_error.erb within rescues/layout (11.9ms)


Started GET "/scripts/vendor/requirejs/require.js" for 127.0.0.1 at 2013-09-26 14:51:04 +0530

ActionController::RoutingError (No route matches [GET] "/scripts/vendor/requirejs/require.js"):
  actionpack (4.0.0) lib/action_dispatch/middleware/debug_exceptions.rb:21:in `call'
  actionpack (4.0.0) lib/action_dispatch/middleware/show_exceptions.rb:30:in `call'
  railties (4.0.0) lib/rails/rack/logger.rb:38:in `call_app'
  railties (4.0.0) lib/rails/rack/logger.rb:21:in `block in call'
  activesupport (4.0.0) lib/active_support/tagged_logging.rb:67:in `block in tagged'
  activesupport (4.0.0) lib/active_support/tagged_logging.rb:25:in `tagged'
  activesupport (4.0.0) lib/active_support/tagged_logging.rb:67:in `tagged'
  railties (4.0.0) lib/rails/rack/logger.rb:21:in `call'
  actionpack (4.0.0) lib/action_dispatch/middleware/request_id.rb:21:in `call'
  rack (1.5.2) lib/rack/runtime.rb:17:in `call'
  activesupport (4.0.0) lib/active_support/cache/strategy/local_cache.rb:83:in `call'
  rack (1.5.2) lib/rack/lock.rb:17:in `call'
  actionpack (4.0.0) lib/action_dispatch/middleware/static.rb:64:in `call'
  railties (4.0.0) lib/rails/engine.rb:511:in `call'
  railties (4.0.0) lib/rails/application.rb:97:in `call'
  rack (1.5.2) lib/rack/lock.rb:17:in `call'
  rack (1.5.2) lib/rack/content_length.rb:14:in `call'
  rack (1.5.2) lib/rack/handler/webrick.rb:60:in `service'
  /home/user/.rvm/rubies/ruby-1.9.3-p194/lib/ruby/1.9.1/webrick/httpserver.rb:138:in `service'
  /home/user/.rvm/rubies/ruby-1.9.3-p194/lib/ruby/1.9.1/webrick/httpserver.rb:94:in `run'
  /home/user/.rvm/rubies/ruby-1.9.3-p194/lib/ruby/1.9.1/webrick/server.rb:191:in `block in start_thread'


  Rendered /home/user/.rvm/gems/ruby-1.9.3-p194@FoBackbone/gems/actionpack-4.0.0/lib/action_dispatch/middleware/templates/rescues/_trace.erb (1.1ms)
  Rendered /home/user/.rvm/gems/ruby-1.9.3-p194@FoBackbone/gems/actionpack-4.0.0/lib/action_dispatch/middleware/templates/routes/_route.html.erb (1.0ms)
  Rendered /home/user/.rvm/gems/ruby-1.9.3-p194@FoBackbone/gems/actionpack-4.0.0/lib/action_dispatch/middleware/templates/routes/_table.html.erb (1.2ms)
  Rendered /home/user/.rvm/gems/ruby-1.9.3-p194@FoBackbone/gems/actionpack-4.0.0/lib/action_dispatch/middleware/templates/rescues/routing_error.erb within rescues/layout (13.0ms)


Started GET "/books" for 127.0.0.1 at 2013-09-26 14:53:18 +0530
Processing by BooksController#index as JSON
  [1m[36mBook Load (0.1ms)[0m  [1mSELECT `books`.* FROM `books`[0m
Completed 200 OK in 1ms (Views: 1.0ms | ActiveRecord: 0.1ms)


Started GET "/books" for 127.0.0.1 at 2013-09-26 14:54:21 +0530
Processing by BooksController#index as JSON
  [1m[35mBook Load (0.1ms)[0m  SELECT `books`.* FROM `books`
Completed 200 OK in 1ms (Views: 1.0ms | ActiveRecord: 0.1ms)


Started GET "/books" for 127.0.0.1 at 2013-09-26 14:55:37 +0530
Processing by BooksController#index as JSON
  [1m[36mBook Load (0.1ms)[0m  [1mSELECT `books`.* FROM `books`[0m
Completed 200 OK in 1ms (Views: 0.9ms | ActiveRecord: 0.1ms)


Started GET "/books" for 127.0.0.1 at 2013-09-26 14:55:51 +0530
Processing by BooksController#index as JSON
  [1m[35mBook Load (0.1ms)[0m  SELECT `books`.* FROM `books`
Completed 200 OK in 1ms (Views: 0.8ms | ActiveRecord: 0.1ms)
  [1m[36m (14.4ms)[0m  [1mBEGIN[0m
  [1m[35mSQL (52.7ms)[0m  INSERT INTO `books` (`created_at`, `title`, `updated_at`) VALUES ('2013-09-26 09:27:59', 'Abc', '2013-09-26 09:27:59')
  [1m[36m (82.3ms)[0m  [1mCOMMIT[0m


Started GET "/books" for 127.0.0.1 at 2013-09-26 14:58:02 +0530
Processing by BooksController#index as JSON
  [1m[36mBook Load (0.3ms)[0m  [1mSELECT `books`.* FROM `books`[0m
Completed 200 OK in 1ms (Views: 1.0ms | ActiveRecord: 0.3ms)


Started GET "/books" for 127.0.0.1 at 2013-09-26 15:00:18 +0530
Processing by BooksController#index as JSON
  [1m[35mBook Load (0.2ms)[0m  SELECT `books`.* FROM `books`
Completed 200 OK in 2ms (Views: 1.3ms | ActiveRecord: 0.2ms)


Started GET "/books" for 127.0.0.1 at 2013-09-26 15:00:22 +0530
Processing by BooksController#index as JSON
  [1m[36mBook Load (0.1ms)[0m  [1mSELECT `books`.* FROM `books`[0m
Completed 200 OK in 1ms (Views: 0.9ms | ActiveRecord: 0.1ms)


Started GET "/books" for 127.0.0.1 at 2013-09-26 15:00:40 +0530
Processing by BooksController#index as JSON
  [1m[35mBook Load (0.1ms)[0m  SELECT `books`.* FROM `books`
Completed 200 OK in 2ms (Views: 1.3ms | ActiveRecord: 0.1ms)


Started GET "/books" for 127.0.0.1 at 2013-09-26 15:00:50 +0530
Processing by BooksController#index as JSON
  [1m[36mBook Load (0.1ms)[0m  [1mSELECT `books`.* FROM `books`[0m
Completed 200 OK in 2ms (Views: 1.2ms | ActiveRecord: 0.1ms)


Started GET "/books" for 127.0.0.1 at 2013-09-26 15:00:55 +0530
Processing by BooksController#index as JSON
  [1m[35mBook Load (0.1ms)[0m  SELECT `books`.* FROM `books`
Completed 200 OK in 1ms (Views: 0.9ms | ActiveRecord: 0.1ms)


Started GET "/books" for 127.0.0.1 at 2013-09-26 15:00:58 +0530
Processing by BooksController#index as JSON
  [1m[36mBook Load (0.1ms)[0m  [1mSELECT `books`.* FROM `books`[0m
Completed 200 OK in 1ms (Views: 1.0ms | ActiveRecord: 0.1ms)


Started GET "/books" for 127.0.0.1 at 2013-09-26 15:01:03 +0530
Processing by BooksController#index as JSON
  [1m[35mBook Load (0.2ms)[0m  SELECT `books`.* FROM `books`
Completed 200 OK in 2ms (Views: 1.2ms | ActiveRecord: 0.2ms)


Started DELETE "/books/2" for 127.0.0.1 at 2013-09-26 15:05:57 +0530
Processing by BooksController#destroy as JSON
  Parameters: {"id"=>"2"}
  [1m[36mBook Load (16.1ms)[0m  [1mSELECT `books`.* FROM `books` WHERE `books`.`id` = 2 LIMIT 1[0m
  [1m[35m (0.1ms)[0m  BEGIN
  [1m[36mSQL (15.7ms)[0m  [1mDELETE FROM `books` WHERE `books`.`id` = 2[0m
  [1m[35m (77.1ms)[0m  COMMIT
Completed 204 No Content in 112ms (ActiveRecord: 109.1ms)


Started GET "/books" for 127.0.0.1 at 2013-09-26 15:06:24 +0530
Processing by BooksController#index as JSON
  [1m[36mBook Load (0.3ms)[0m  [1mSELECT `books`.* FROM `books`[0m
Completed 200 OK in 2ms (Views: 1.0ms | ActiveRecord: 0.3ms)


Started GET "/books" for 127.0.0.1 at 2013-09-26 15:06:34 +0530
Processing by BooksController#index as JSON
  [1m[35mBook Load (0.1ms)[0m  SELECT `books`.* FROM `books`
Completed 200 OK in 1ms (Views: 1.0ms | ActiveRecord: 0.1ms)


Started GET "/books" for 127.0.0.1 at 2013-09-26 15:07:18 +0530
Processing by BooksController#index as JSON
  [1m[36mBook Load (0.1ms)[0m  [1mSELECT `books`.* FROM `books`[0m
Completed 200 OK in 1ms (Views: 0.7ms | ActiveRecord: 0.1ms)


Started GET "/books" for 127.0.0.1 at 2013-09-26 15:08:08 +0530
Processing by BooksController#index as JSON
  [1m[35mBook Load (0.2ms)[0m  SELECT `books`.* FROM `books`
Completed 200 OK in 1ms (Views: 1.0ms | ActiveRecord: 0.2ms)


Started GET "/books" for 127.0.0.1 at 2013-09-26 15:09:38 +0530
Processing by BooksController#index as JSON
  [1m[36mBook Load (0.2ms)[0m  [1mSELECT `books`.* FROM `books`[0m
Completed 200 OK in 1ms (Views: 0.9ms | ActiveRecord: 0.2ms)


Started GET "/books" for 127.0.0.1 at 2013-09-26 15:12:53 +0530
Processing by BooksController#index as JSON
  [1m[35mBook Load (0.1ms)[0m  SELECT `books`.* FROM `books`
Completed 200 OK in 1ms (Views: 0.8ms | ActiveRecord: 0.1ms)


Started GET "/scripts/vendor/jquery/jquery.dateFormat-1.0.js" for 127.0.0.1 at 2013-09-26 15:15:45 +0530

ActionController::RoutingError (No route matches [GET] "/scripts/vendor/jquery/jquery.dateFormat-1.0.js"):
  actionpack (4.0.0) lib/action_dispatch/middleware/debug_exceptions.rb:21:in `call'
  actionpack (4.0.0) lib/action_dispatch/middleware/show_exceptions.rb:30:in `call'
  railties (4.0.0) lib/rails/rack/logger.rb:38:in `call_app'
  railties (4.0.0) lib/rails/rack/logger.rb:21:in `block in call'
  activesupport (4.0.0) lib/active_support/tagged_logging.rb:67:in `block in tagged'
  activesupport (4.0.0) lib/active_support/tagged_logging.rb:25:in `tagged'
  activesupport (4.0.0) lib/active_support/tagged_logging.rb:67:in `tagged'
  railties (4.0.0) lib/rails/rack/logger.rb:21:in `call'
  actionpack (4.0.0) lib/action_dispatch/middleware/request_id.rb:21:in `call'
  rack (1.5.2) lib/rack/runtime.rb:17:in `call'
  activesupport (4.0.0) lib/active_support/cache/strategy/local_cache.rb:83:in `call'
  rack (1.5.2) lib/rack/lock.rb:17:in `call'
  actionpack (4.0.0) lib/action_dispatch/middleware/static.rb:64:in `call'
  railties (4.0.0) lib/rails/engine.rb:511:in `call'
  railties (4.0.0) lib/rails/application.rb:97:in `call'
  rack (1.5.2) lib/rack/lock.rb:17:in `call'
  rack (1.5.2) lib/rack/content_length.rb:14:in `call'
  rack (1.5.2) lib/rack/handler/webrick.rb:60:in `service'
  /home/user/.rvm/rubies/ruby-1.9.3-p194/lib/ruby/1.9.1/webrick/httpserver.rb:138:in `service'
  /home/user/.rvm/rubies/ruby-1.9.3-p194/lib/ruby/1.9.1/webrick/httpserver.rb:94:in `run'
  /home/user/.rvm/rubies/ruby-1.9.3-p194/lib/ruby/1.9.1/webrick/server.rb:191:in `block in start_thread'


  Rendered /home/user/.rvm/gems/ruby-1.9.3-p194@FoBackbone/gems/actionpack-4.0.0/lib/action_dispatch/middleware/templates/rescues/_trace.erb (1.0ms)
  Rendered /home/user/.rvm/gems/ruby-1.9.3-p194@FoBackbone/gems/actionpack-4.0.0/lib/action_dispatch/middleware/templates/routes/_route.html.erb (0.9ms)
  Rendered /home/user/.rvm/gems/ruby-1.9.3-p194@FoBackbone/gems/actionpack-4.0.0/lib/action_dispatch/middleware/templates/routes/_table.html.erb (1.0ms)
  Rendered /home/user/.rvm/gems/ruby-1.9.3-p194@FoBackbone/gems/actionpack-4.0.0/lib/action_dispatch/middleware/templates/rescues/routing_error.erb within rescues/layout (12.3ms)


Started GET "/books" for 127.0.0.1 at 2013-09-26 15:15:45 +0530
Processing by BooksController#index as JSON
  [1m[36mBook Load (0.1ms)[0m  [1mSELECT `books`.* FROM `books`[0m
Completed 200 OK in 1ms (Views: 0.9ms | ActiveRecord: 0.1ms)


Started GET "/books" for 127.0.0.1 at 2013-09-26 15:17:02 +0530
Processing by BooksController#index as JSON
  [1m[35mBook Load (0.1ms)[0m  SELECT `books`.* FROM `books`
Completed 200 OK in 1ms (Views: 0.9ms | ActiveRecord: 0.1ms)


Started GET "/scripts/vendor/jquery/jquery/jquery.dateFormat-1.0.js" for 127.0.0.1 at 2013-09-26 15:17:24 +0530

ActionController::RoutingError (No route matches [GET] "/scripts/vendor/jquery/jquery/jquery.dateFormat-1.0.js"):
  actionpack (4.0.0) lib/action_dispatch/middleware/debug_exceptions.rb:21:in `call'
  actionpack (4.0.0) lib/action_dispatch/middleware/show_exceptions.rb:30:in `call'
  railties (4.0.0) lib/rails/rack/logger.rb:38:in `call_app'
  railties (4.0.0) lib/rails/rack/logger.rb:21:in `block in call'
  activesupport (4.0.0) lib/active_support/tagged_logging.rb:67:in `block in tagged'
  activesupport (4.0.0) lib/active_support/tagged_logging.rb:25:in `tagged'
  activesupport (4.0.0) lib/active_support/tagged_logging.rb:67:in `tagged'
  railties (4.0.0) lib/rails/rack/logger.rb:21:in `call'
  actionpack (4.0.0) lib/action_dispatch/middleware/request_id.rb:21:in `call'
  rack (1.5.2) lib/rack/runtime.rb:17:in `call'
  activesupport (4.0.0) lib/active_support/cache/strategy/local_cache.rb:83:in `call'
  rack (1.5.2) lib/rack/lock.rb:17:in `call'
  actionpack (4.0.0) lib/action_dispatch/middleware/static.rb:64:in `call'
  railties (4.0.0) lib/rails/engine.rb:511:in `call'
  railties (4.0.0) lib/rails/application.rb:97:in `call'
  rack (1.5.2) lib/rack/lock.rb:17:in `call'
  rack (1.5.2) lib/rack/content_length.rb:14:in `call'
  rack (1.5.2) lib/rack/handler/webrick.rb:60:in `service'
  /home/user/.rvm/rubies/ruby-1.9.3-p194/lib/ruby/1.9.1/webrick/httpserver.rb:138:in `service'
  /home/user/.rvm/rubies/ruby-1.9.3-p194/lib/ruby/1.9.1/webrick/httpserver.rb:94:in `run'
  /home/user/.rvm/rubies/ruby-1.9.3-p194/lib/ruby/1.9.1/webrick/server.rb:191:in `block in start_thread'


  Rendered /home/user/.rvm/gems/ruby-1.9.3-p194@FoBackbone/gems/actionpack-4.0.0/lib/action_dispatch/middleware/templates/rescues/_trace.erb (1.0ms)
  Rendered /home/user/.rvm/gems/ruby-1.9.3-p194@FoBackbone/gems/actionpack-4.0.0/lib/action_dispatch/middleware/templates/routes/_route.html.erb (0.8ms)
  Rendered /home/user/.rvm/gems/ruby-1.9.3-p194@FoBackbone/gems/actionpack-4.0.0/lib/action_dispatch/middleware/templates/routes/_table.html.erb (0.9ms)
  Rendered /home/user/.rvm/gems/ruby-1.9.3-p194@FoBackbone/gems/actionpack-4.0.0/lib/action_dispatch/middleware/templates/rescues/routing_error.erb within rescues/layout (12.0ms)


Started GET "/books" for 127.0.0.1 at 2013-09-26 15:17:24 +0530
Processing by BooksController#index as JSON
  [1m[36mBook Load (0.1ms)[0m  [1mSELECT `books`.* FROM `books`[0m
Completed 200 OK in 2ms (Views: 1.3ms | ActiveRecord: 0.1ms)


Started GET "/scripts/vendor/" for 127.0.0.1 at 2013-09-26 15:17:45 +0530

ActionController::RoutingError (No route matches [GET] "/scripts/vendor"):
  actionpack (4.0.0) lib/action_dispatch/middleware/debug_exceptions.rb:21:in `call'
  actionpack (4.0.0) lib/action_dispatch/middleware/show_exceptions.rb:30:in `call'
  railties (4.0.0) lib/rails/rack/logger.rb:38:in `call_app'
  railties (4.0.0) lib/rails/rack/logger.rb:21:in `block in call'
  activesupport (4.0.0) lib/active_support/tagged_logging.rb:67:in `block in tagged'
  activesupport (4.0.0) lib/active_support/tagged_logging.rb:25:in `tagged'
  activesupport (4.0.0) lib/active_support/tagged_logging.rb:67:in `tagged'
  railties (4.0.0) lib/rails/rack/logger.rb:21:in `call'
  actionpack (4.0.0) lib/action_dispatch/middleware/request_id.rb:21:in `call'
  rack (1.5.2) lib/rack/runtime.rb:17:in `call'
  activesupport (4.0.0) lib/active_support/cache/strategy/local_cache.rb:83:in `call'
  rack (1.5.2) lib/rack/lock.rb:17:in `call'
  actionpack (4.0.0) lib/action_dispatch/middleware/static.rb:64:in `call'
  railties (4.0.0) lib/rails/engine.rb:511:in `call'
  railties (4.0.0) lib/rails/application.rb:97:in `call'
  rack (1.5.2) lib/rack/lock.rb:17:in `call'
  rack (1.5.2) lib/rack/content_length.rb:14:in `call'
  rack (1.5.2) lib/rack/handler/webrick.rb:60:in `service'
  /home/user/.rvm/rubies/ruby-1.9.3-p194/lib/ruby/1.9.1/webrick/httpserver.rb:138:in `service'
  /home/user/.rvm/rubies/ruby-1.9.3-p194/lib/ruby/1.9.1/webrick/httpserver.rb:94:in `run'
  /home/user/.rvm/rubies/ruby-1.9.3-p194/lib/ruby/1.9.1/webrick/server.rb:191:in `block in start_thread'


  Rendered /home/user/.rvm/gems/ruby-1.9.3-p194@FoBackbone/gems/actionpack-4.0.0/lib/action_dispatch/middleware/templates/rescues/_trace.erb (1.5ms)
  Rendered /home/user/.rvm/gems/ruby-1.9.3-p194@FoBackbone/gems/actionpack-4.0.0/lib/action_dispatch/middleware/templates/routes/_route.html.erb (0.9ms)
  Rendered /home/user/.rvm/gems/ruby-1.9.3-p194@FoBackbone/gems/actionpack-4.0.0/lib/action_dispatch/middleware/templates/routes/_table.html.erb (1.0ms)
  Rendered /home/user/.rvm/gems/ruby-1.9.3-p194@FoBackbone/gems/actionpack-4.0.0/lib/action_dispatch/middleware/templates/rescues/routing_error.erb within rescues/layout (13.3ms)


Started GET "/books" for 127.0.0.1 at 2013-09-26 15:18:02 +0530
Processing by BooksController#index as JSON
  [1m[35mBook Load (0.2ms)[0m  SELECT `books`.* FROM `books`
Completed 200 OK in 1ms (Views: 0.9ms | ActiveRecord: 0.2ms)


Started GET "/books" for 127.0.0.1 at 2013-09-26 15:18:19 +0530
Processing by BooksController#index as JSON
  [1m[36mBook Load (0.1ms)[0m  [1mSELECT `books`.* FROM `books`[0m
Completed 200 OK in 1ms (Views: 0.9ms | ActiveRecord: 0.1ms)


Started GET "/books" for 127.0.0.1 at 2013-09-26 15:18:42 +0530
Processing by BooksController#index as JSON
  [1m[35mBook Load (0.1ms)[0m  SELECT `books`.* FROM `books`
Completed 200 OK in 1ms (Views: 0.7ms | ActiveRecord: 0.1ms)


Started GET "/books" for 127.0.0.1 at 2013-09-26 15:19:21 +0530
Processing by BooksController#index as JSON
  [1m[36mBook Load (0.2ms)[0m  [1mSELECT `books`.* FROM `books`[0m
Completed 200 OK in 1ms (Views: 1.0ms | ActiveRecord: 0.2ms)


Started GET "/books" for 127.0.0.1 at 2013-09-26 15:20:53 +0530
Processing by BooksController#index as JSON
  [1m[35mBook Load (0.2ms)[0m  SELECT `books`.* FROM `books`
Completed 200 OK in 1ms (Views: 0.7ms | ActiveRecord: 0.2ms)


Started GET "/books" for 127.0.0.1 at 2013-09-26 15:29:26 +0530
Processing by BooksController#index as JSON
  [1m[36mBook Load (0.1ms)[0m  [1mSELECT `books`.* FROM `books`[0m
Completed 200 OK in 1ms (Views: 0.7ms | ActiveRecord: 0.1ms)


Started GET "/books" for 127.0.0.1 at 2013-09-26 15:29:48 +0530
Processing by BooksController#index as JSON
  [1m[35mBook Load (0.1ms)[0m  SELECT `books`.* FROM `books`
Completed 200 OK in 1ms (Views: 0.8ms | ActiveRecord: 0.1ms)


Started GET "/books" for 127.0.0.1 at 2013-09-26 15:35:35 +0530
Processing by BooksController#index as JSON
  [1m[36mBook Load (0.1ms)[0m  [1mSELECT `books`.* FROM `books`[0m
Completed 200 OK in 1ms (Views: 0.8ms | ActiveRecord: 0.1ms)


Started POST "/books" for 127.0.0.1 at 2013-09-26 15:35:38 +0530
Processing by BooksController#create as JSON
  Parameters: {"title"=>"", "coverImage"=>"assets/img/placeholder.png", "author"=>"", "releaseDate"=>"", "keywords"=>""}
  [1m[35m (0.1ms)[0m  BEGIN
  [1m[36mSQL (0.3ms)[0m  [1mINSERT INTO `books` (`created_at`, `updated_at`) VALUES ('2013-09-26 10:05:38', '2013-09-26 10:05:38')[0m
  [1m[35m (81.0ms)[0m  COMMIT
Completed 201 Created in 88ms (Views: 1.2ms | ActiveRecord: 81.5ms)


Started POST "/books" for 127.0.0.1 at 2013-09-26 15:35:44 +0530
Processing by BooksController#create as JSON
  Parameters: {"title"=>"TTTTT", "coverImage"=>"assets/img/placeholder.png", "author"=>"", "releaseDate"=>"", "keywords"=>""}
  [1m[36m (0.1ms)[0m  [1mBEGIN[0m
  [1m[35mSQL (0.3ms)[0m  INSERT INTO `books` (`created_at`, `updated_at`) VALUES ('2013-09-26 10:05:44', '2013-09-26 10:05:44')
  [1m[36m (53.9ms)[0m  [1mCOMMIT[0m
Completed 201 Created in 56ms (Views: 0.5ms | ActiveRecord: 54.3ms)


Started GET "/books" for 127.0.0.1 at 2013-09-26 15:35:47 +0530
Processing by BooksController#index as JSON
  [1m[35mBook Load (0.3ms)[0m  SELECT `books`.* FROM `books`
Completed 200 OK in 2ms (Views: 1.2ms | ActiveRecord: 0.3ms)


Started DELETE "/books/1" for 127.0.0.1 at 2013-09-26 15:46:24 +0530
Processing by BooksController#destroy as JSON
  Parameters: {"id"=>"1"}
  [1m[36mBook Load (0.3ms)[0m  [1mSELECT `books`.* FROM `books` WHERE `books`.`id` = 1 LIMIT 1[0m
  [1m[35m (0.1ms)[0m  BEGIN
  [1m[36mSQL (0.2ms)[0m  [1mDELETE FROM `books` WHERE `books`.`id` = 1[0m
  [1m[35m (44.1ms)[0m  COMMIT
Completed 204 No Content in 46ms (ActiveRecord: 44.7ms)


Started DELETE "/books/3" for 127.0.0.1 at 2013-09-26 15:46:25 +0530
Processing by BooksController#destroy as JSON
  Parameters: {"id"=>"3"}
  [1m[36mBook Load (0.4ms)[0m  [1mSELECT `books`.* FROM `books` WHERE `books`.`id` = 3 LIMIT 1[0m
  [1m[35m (0.1ms)[0m  BEGIN
  [1m[36mSQL (17.4ms)[0m  [1mDELETE FROM `books` WHERE `books`.`id` = 3[0m
  [1m[35m (100.5ms)[0m  COMMIT
Completed 204 No Content in 120ms (ActiveRecord: 118.4ms)


Started DELETE "/books/4" for 127.0.0.1 at 2013-09-26 15:46:25 +0530
Processing by BooksController#destroy as JSON
  Parameters: {"id"=>"4"}
  [1m[36mBook Load (0.4ms)[0m  [1mSELECT `books`.* FROM `books` WHERE `books`.`id` = 4 LIMIT 1[0m
  [1m[35m (0.1ms)[0m  BEGIN
  [1m[36mSQL (0.2ms)[0m  [1mDELETE FROM `books` WHERE `books`.`id` = 4[0m
  [1m[35m (78.0ms)[0m  COMMIT
Completed 204 No Content in 81ms (ActiveRecord: 78.8ms)


Started GET "/books" for 127.0.0.1 at 2013-09-26 15:46:30 +0530
Processing by BooksController#index as JSON
  [1m[36mBook Load (0.3ms)[0m  [1mSELECT `books`.* FROM `books`[0m
Completed 200 OK in 1ms (Views: 0.5ms | ActiveRecord: 0.3ms)


Started GET "/books" for 127.0.0.1 at 2013-09-26 15:46:42 +0530
Processing by BooksController#index as JSON
  [1m[35mBook Load (0.1ms)[0m  SELECT `books`.* FROM `books`
Completed 200 OK in 1ms (Views: 0.4ms | ActiveRecord: 0.1ms)


Started POST "/books" for 127.0.0.1 at 2013-09-26 15:46:43 +0530
Processing by BooksController#create as JSON
  Parameters: {"title"=>"", "coverImage"=>"assets/img/placeholder.png", "author"=>"", "releaseDate"=>"", "keywords"=>""}
  [1m[36m (0.1ms)[0m  [1mBEGIN[0m
  [1m[35mSQL (23.4ms)[0m  INSERT INTO `books` (`created_at`, `updated_at`) VALUES ('2013-09-26 10:16:43', '2013-09-26 10:16:43')
  [1m[36m (89.8ms)[0m  [1mCOMMIT[0m
Completed 201 Created in 115ms (Views: 0.6ms | ActiveRecord: 113.3ms)


Started POST "/books" for 127.0.0.1 at 2013-09-26 15:46:46 +0530
Processing by BooksController#create as JSON
  Parameters: {"title"=>"ww", "coverImage"=>"assets/img/placeholder.png", "author"=>"", "releaseDate"=>"", "keywords"=>""}
  [1m[35m (0.1ms)[0m  BEGIN
  [1m[36mSQL (0.3ms)[0m  [1mINSERT INTO `books` (`created_at`, `updated_at`) VALUES ('2013-09-26 10:16:46', '2013-09-26 10:16:46')[0m
  [1m[35m (55.6ms)[0m  COMMIT
Completed 201 Created in 58ms (Views: 0.5ms | ActiveRecord: 56.0ms)


Started DELETE "/books/6" for 127.0.0.1 at 2013-09-26 15:46:47 +0530
Processing by BooksController#destroy as JSON
  Parameters: {"id"=>"6"}
  [1m[36mBook Load (0.3ms)[0m  [1mSELECT `books`.* FROM `books` WHERE `books`.`id` = 6 LIMIT 1[0m
  [1m[35m (0.1ms)[0m  BEGIN
  [1m[36mSQL (0.3ms)[0m  [1mDELETE FROM `books` WHERE `books`.`id` = 6[0m
  [1m[35m (45.5ms)[0m  COMMIT
Completed 204 No Content in 48ms (ActiveRecord: 46.2ms)


Started DELETE "/books/5" for 127.0.0.1 at 2013-09-26 15:46:48 +0530
Processing by BooksController#destroy as JSON
  Parameters: {"id"=>"5"}
  [1m[36mBook Load (0.4ms)[0m  [1mSELECT `books`.* FROM `books` WHERE `books`.`id` = 5 LIMIT 1[0m
  [1m[35m (0.1ms)[0m  BEGIN
  [1m[36mSQL (0.3ms)[0m  [1mDELETE FROM `books` WHERE `books`.`id` = 5[0m
  [1m[35m (50.5ms)[0m  COMMIT
Completed 204 No Content in 53ms (ActiveRecord: 51.3ms)


Started POST "/books" for 127.0.0.1 at 2013-09-26 15:46:49 +0530
Processing by BooksController#create as JSON
  Parameters: {"title"=>"", "coverImage"=>"assets/img/placeholder.png", "author"=>"", "releaseDate"=>"", "keywords"=>""}
  [1m[36m (0.1ms)[0m  [1mBEGIN[0m
  [1m[35mSQL (0.2ms)[0m  INSERT INTO `books` (`created_at`, `updated_at`) VALUES ('2013-09-26 10:16:49', '2013-09-26 10:16:49')
  [1m[36m (40.9ms)[0m  [1mCOMMIT[0m
Completed 201 Created in 43ms (Views: 0.5ms | ActiveRecord: 41.1ms)


Started POST "/books" for 127.0.0.1 at 2013-09-26 15:46:49 +0530
Processing by BooksController#create as JSON
  Parameters: {"title"=>"", "coverImage"=>"assets/img/placeholder.png", "author"=>"", "releaseDate"=>"", "keywords"=>""}
  [1m[35m (0.1ms)[0m  BEGIN
  [1m[36mSQL (0.3ms)[0m  [1mINSERT INTO `books` (`created_at`, `updated_at`) VALUES ('2013-09-26 10:16:49', '2013-09-26 10:16:49')[0m
  [1m[35m (42.2ms)[0m  COMMIT
Completed 201 Created in 45ms (Views: 0.7ms | ActiveRecord: 42.6ms)


Started POST "/books" for 127.0.0.1 at 2013-09-26 15:46:50 +0530
Processing by BooksController#create as JSON
  Parameters: {"title"=>"", "coverImage"=>"assets/img/placeholder.png", "author"=>"", "releaseDate"=>"", "keywords"=>""}
  [1m[36m (0.1ms)[0m  [1mBEGIN[0m
  [1m[35mSQL (0.3ms)[0m  INSERT INTO `books` (`created_at`, `updated_at`) VALUES ('2013-09-26 10:16:50', '2013-09-26 10:16:50')
  [1m[36m (43.2ms)[0m  [1mCOMMIT[0m
Completed 201 Created in 46ms (Views: 0.6ms | ActiveRecord: 43.6ms)


Started POST "/books" for 127.0.0.1 at 2013-09-26 15:46:50 +0530
Processing by BooksController#create as JSON
  Parameters: {"title"=>"", "coverImage"=>"assets/img/placeholder.png", "author"=>"", "releaseDate"=>"", "keywords"=>""}
  [1m[35m (0.1ms)[0m  BEGIN
  [1m[36mSQL (0.2ms)[0m  [1mINSERT INTO `books` (`created_at`, `updated_at`) VALUES ('2013-09-26 10:16:50', '2013-09-26 10:16:50')[0m
  [1m[35m (56.1ms)[0m  COMMIT
Completed 201 Created in 58ms (Views: 0.5ms | ActiveRecord: 56.5ms)


Started POST "/books" for 127.0.0.1 at 2013-09-26 15:46:50 +0530
Processing by BooksController#create as JSON
  Parameters: {"title"=>"", "coverImage"=>"assets/img/placeholder.png", "author"=>"", "releaseDate"=>"", "keywords"=>""}
  [1m[36m (0.1ms)[0m  [1mBEGIN[0m
  [1m[35mSQL (0.2ms)[0m  INSERT INTO `books` (`created_at`, `updated_at`) VALUES ('2013-09-26 10:16:50', '2013-09-26 10:16:50')
  [1m[36m (42.1ms)[0m  [1mCOMMIT[0m
Completed 201 Created in 44ms (Views: 0.5ms | ActiveRecord: 42.4ms)


Started POST "/books" for 127.0.0.1 at 2013-09-26 15:46:50 +0530
Processing by BooksController#create as JSON
  Parameters: {"title"=>"", "coverImage"=>"assets/img/placeholder.png", "author"=>"", "releaseDate"=>"", "keywords"=>""}
  [1m[35m (0.2ms)[0m  BEGIN
  [1m[36mSQL (0.3ms)[0m  [1mINSERT INTO `books` (`created_at`, `updated_at`) VALUES ('2013-09-26 10:16:50', '2013-09-26 10:16:50')[0m
  [1m[35m (39.9ms)[0m  COMMIT
Completed 201 Created in 43ms (Views: 0.7ms | ActiveRecord: 40.4ms)


Started POST "/books" for 127.0.0.1 at 2013-09-26 15:46:50 +0530
Processing by BooksController#create as JSON
  Parameters: {"title"=>"", "coverImage"=>"assets/img/placeholder.png", "author"=>"", "releaseDate"=>"", "keywords"=>""}
  [1m[36m (0.2ms)[0m  [1mBEGIN[0m
  [1m[35mSQL (9.9ms)[0m  INSERT INTO `books` (`created_at`, `updated_at`) VALUES ('2013-09-26 10:16:50', '2013-09-26 10:16:50')
  [1m[36m (45.1ms)[0m  [1mCOMMIT[0m
Completed 201 Created in 58ms (Views: 0.8ms | ActiveRecord: 55.2ms)


Started POST "/books" for 127.0.0.1 at 2013-09-26 15:46:50 +0530
Processing by BooksController#create as JSON
  Parameters: {"title"=>"", "coverImage"=>"assets/img/placeholder.png", "author"=>"", "releaseDate"=>"", "keywords"=>""}
  [1m[35m (0.2ms)[0m  BEGIN
  [1m[36mSQL (0.3ms)[0m  [1mINSERT INTO `books` (`created_at`, `updated_at`) VALUES ('2013-09-26 10:16:50', '2013-09-26 10:16:50')[0m
  [1m[35m (43.7ms)[0m  COMMIT
Completed 201 Created in 46ms (Views: 0.7ms | ActiveRecord: 44.2ms)


Started POST "/books" for 127.0.0.1 at 2013-09-26 15:46:51 +0530
Processing by BooksController#create as JSON
  Parameters: {"title"=>"", "coverImage"=>"assets/img/placeholder.png", "author"=>"", "releaseDate"=>"", "keywords"=>""}
  [1m[36m (0.1ms)[0m  [1mBEGIN[0m
  [1m[35mSQL (0.3ms)[0m  INSERT INTO `books` (`created_at`, `updated_at`) VALUES ('2013-09-26 10:16:51', '2013-09-26 10:16:51')
  [1m[36m (43.8ms)[0m  [1mCOMMIT[0m
Completed 201 Created in 47ms (Views: 0.7ms | ActiveRecord: 44.2ms)


Started POST "/books" for 127.0.0.1 at 2013-09-26 15:46:51 +0530
Processing by BooksController#create as JSON
  Parameters: {"title"=>"", "coverImage"=>"assets/img/placeholder.png", "author"=>"", "releaseDate"=>"", "keywords"=>""}
  [1m[35m (0.2ms)[0m  BEGIN
  [1m[36mSQL (0.3ms)[0m  [1mINSERT INTO `books` (`created_at`, `updated_at`) VALUES ('2013-09-26 10:16:51', '2013-09-26 10:16:51')[0m
  [1m[35m (49.3ms)[0m  COMMIT
Completed 201 Created in 52ms (Views: 0.5ms | ActiveRecord: 49.8ms)


Started POST "/books" for 127.0.0.1 at 2013-09-26 15:46:51 +0530
Processing by BooksController#create as JSON
  Parameters: {"title"=>"", "coverImage"=>"assets/img/placeholder.png", "author"=>"", "releaseDate"=>"", "keywords"=>""}
  [1m[36m (0.1ms)[0m  [1mBEGIN[0m
  [1m[35mSQL (0.3ms)[0m  INSERT INTO `books` (`created_at`, `updated_at`) VALUES ('2013-09-26 10:16:51', '2013-09-26 10:16:51')
  [1m[36m (50.0ms)[0m  [1mCOMMIT[0m
Completed 201 Created in 53ms (Views: 0.5ms | ActiveRecord: 50.4ms)


Started POST "/books" for 127.0.0.1 at 2013-09-26 15:46:51 +0530
Processing by BooksController#create as JSON
  Parameters: {"title"=>"", "coverImage"=>"assets/img/placeholder.png", "author"=>"", "releaseDate"=>"", "keywords"=>""}
  [1m[35m (0.1ms)[0m  BEGIN
  [1m[36mSQL (0.3ms)[0m  [1mINSERT INTO `books` (`created_at`, `updated_at`) VALUES ('2013-09-26 10:16:51', '2013-09-26 10:16:51')[0m
  [1m[35m (49.0ms)[0m  COMMIT
Completed 201 Created in 52ms (Views: 0.5ms | ActiveRecord: 49.4ms)


Started POST "/books" for 127.0.0.1 at 2013-09-26 15:46:51 +0530
Processing by BooksController#create as JSON
  Parameters: {"title"=>"", "coverImage"=>"assets/img/placeholder.png", "author"=>"", "releaseDate"=>"", "keywords"=>""}
  [1m[36m (0.2ms)[0m  [1mBEGIN[0m
  [1m[35mSQL (0.2ms)[0m  INSERT INTO `books` (`created_at`, `updated_at`) VALUES ('2013-09-26 10:16:51', '2013-09-26 10:16:51')
  [1m[36m (47.4ms)[0m  [1mCOMMIT[0m
Completed 201 Created in 50ms (Views: 0.7ms | ActiveRecord: 47.8ms)


Started POST "/books" for 127.0.0.1 at 2013-09-26 15:46:51 +0530
Processing by BooksController#create as JSON
  Parameters: {"title"=>"", "coverImage"=>"assets/img/placeholder.png", "author"=>"", "releaseDate"=>"", "keywords"=>""}
  [1m[35m (0.1ms)[0m  BEGIN
  [1m[36mSQL (0.3ms)[0m  [1mINSERT INTO `books` (`created_at`, `updated_at`) VALUES ('2013-09-26 10:16:51', '2013-09-26 10:16:51')[0m
  [1m[35m (46.7ms)[0m  COMMIT
Completed 201 Created in 49ms (Views: 0.5ms | ActiveRecord: 47.1ms)


Started POST "/books" for 127.0.0.1 at 2013-09-26 15:46:52 +0530
Processing by BooksController#create as JSON
  Parameters: {"title"=>"", "coverImage"=>"assets/img/placeholder.png", "author"=>"", "releaseDate"=>"", "keywords"=>""}
  [1m[36m (0.1ms)[0m  [1mBEGIN[0m
  [1m[35mSQL (0.2ms)[0m  INSERT INTO `books` (`created_at`, `updated_at`) VALUES ('2013-09-26 10:16:52', '2013-09-26 10:16:52')
  [1m[36m (97.8ms)[0m  [1mCOMMIT[0m
Completed 201 Created in 100ms (Views: 0.5ms | ActiveRecord: 98.1ms)


Started DELETE "/books/7" for 127.0.0.1 at 2013-09-26 15:47:00 +0530
Processing by BooksController#destroy as JSON
  Parameters: {"id"=>"7"}
  [1m[35mBook Load (0.4ms)[0m  SELECT `books`.* FROM `books` WHERE `books`.`id` = 7 LIMIT 1
  [1m[36m (0.1ms)[0m  [1mBEGIN[0m
  [1m[35mSQL (0.2ms)[0m  DELETE FROM `books` WHERE `books`.`id` = 7
  [1m[36m (57.8ms)[0m  [1mCOMMIT[0m
Completed 204 No Content in 60ms (ActiveRecord: 58.5ms)


Started DELETE "/books/8" for 127.0.0.1 at 2013-09-26 15:47:00 +0530
Processing by BooksController#destroy as JSON
  Parameters: {"id"=>"8"}
  [1m[35mBook Load (0.4ms)[0m  SELECT `books`.* FROM `books` WHERE `books`.`id` = 8 LIMIT 1
  [1m[36m (0.1ms)[0m  [1mBEGIN[0m
  [1m[35mSQL (0.2ms)[0m  DELETE FROM `books` WHERE `books`.`id` = 8
  [1m[36m (60.3ms)[0m  [1mCOMMIT[0m
Completed 204 No Content in 62ms (ActiveRecord: 60.9ms)


Started DELETE "/books/9" for 127.0.0.1 at 2013-09-26 15:47:00 +0530
Processing by BooksController#destroy as JSON
  Parameters: {"id"=>"9"}
  [1m[35mBook Load (0.4ms)[0m  SELECT `books`.* FROM `books` WHERE `books`.`id` = 9 LIMIT 1
  [1m[36m (0.1ms)[0m  [1mBEGIN[0m
  [1m[35mSQL (0.4ms)[0m  DELETE FROM `books` WHERE `books`.`id` = 9
  [1m[36m (57.5ms)[0m  [1mCOMMIT[0m
Completed 204 No Content in 61ms (ActiveRecord: 58.4ms)


Started DELETE "/books/10" for 127.0.0.1 at 2013-09-26 15:47:00 +0530
Processing by BooksController#destroy as JSON
  Parameters: {"id"=>"10"}
  [1m[35mBook Load (0.5ms)[0m  SELECT `books`.* FROM `books` WHERE `books`.`id` = 10 LIMIT 1
  [1m[36m (0.1ms)[0m  [1mBEGIN[0m
  [1m[35mSQL (0.3ms)[0m  DELETE FROM `books` WHERE `books`.`id` = 10
  [1m[36m (58.8ms)[0m  [1mCOMMIT[0m
Completed 204 No Content in 62ms (ActiveRecord: 59.7ms)


Started DELETE "/books/11" for 127.0.0.1 at 2013-09-26 15:47:01 +0530
Processing by BooksController#destroy as JSON
  Parameters: {"id"=>"11"}
  [1m[35mBook Load (0.4ms)[0m  SELECT `books`.* FROM `books` WHERE `books`.`id` = 11 LIMIT 1
  [1m[36m (0.2ms)[0m  [1mBEGIN[0m
  [1m[35mSQL (0.3ms)[0m  DELETE FROM `books` WHERE `books`.`id` = 11
  [1m[36m (57.2ms)[0m  [1mCOMMIT[0m
Completed 204 No Content in 60ms (ActiveRecord: 58.0ms)


Started DELETE "/books/12" for 127.0.0.1 at 2013-09-26 15:47:01 +0530
Processing by BooksController#destroy as JSON
  Parameters: {"id"=>"12"}
  [1m[35mBook Load (0.3ms)[0m  SELECT `books`.* FROM `books` WHERE `books`.`id` = 12 LIMIT 1
  [1m[36m (0.1ms)[0m  [1mBEGIN[0m
  [1m[35mSQL (0.3ms)[0m  DELETE FROM `books` WHERE `books`.`id` = 12
  [1m[36m (55.9ms)[0m  [1mCOMMIT[0m
Completed 204 No Content in 59ms (ActiveRecord: 56.7ms)


Started DELETE "/books/13" for 127.0.0.1 at 2013-09-26 15:47:01 +0530
Processing by BooksController#destroy as JSON
  Parameters: {"id"=>"13"}
  [1m[35mBook Load (0.3ms)[0m  SELECT `books`.* FROM `books` WHERE `books`.`id` = 13 LIMIT 1
  [1m[36m (0.1ms)[0m  [1mBEGIN[0m
  [1m[35mSQL (0.2ms)[0m  DELETE FROM `books` WHERE `books`.`id` = 13
  [1m[36m (55.8ms)[0m  [1mCOMMIT[0m
Completed 204 No Content in 58ms (ActiveRecord: 56.5ms)


Started DELETE "/books/14" for 127.0.0.1 at 2013-09-26 15:47:01 +0530
Processing by BooksController#destroy as JSON
  Parameters: {"id"=>"14"}
  [1m[35mBook Load (0.4ms)[0m  SELECT `books`.* FROM `books` WHERE `books`.`id` = 14 LIMIT 1
  [1m[36m (0.1ms)[0m  [1mBEGIN[0m
  [1m[35mSQL (0.3ms)[0m  DELETE FROM `books` WHERE `books`.`id` = 14
  [1m[36m (50.0ms)[0m  [1mCOMMIT[0m
Completed 204 No Content in 53ms (ActiveRecord: 50.7ms)


Started DELETE "/books/15" for 127.0.0.1 at 2013-09-26 15:47:01 +0530
Processing by BooksController#destroy as JSON
  Parameters: {"id"=>"15"}
  [1m[35mBook Load (0.4ms)[0m  SELECT `books`.* FROM `books` WHERE `books`.`id` = 15 LIMIT 1
  [1m[36m (0.2ms)[0m  [1mBEGIN[0m
  [1m[35mSQL (0.2ms)[0m  DELETE FROM `books` WHERE `books`.`id` = 15
  [1m[36m (37.3ms)[0m  [1mCOMMIT[0m
Completed 204 No Content in 40ms (ActiveRecord: 38.1ms)


Started DELETE "/books/16" for 127.0.0.1 at 2013-09-26 15:47:01 +0530
Processing by BooksController#destroy as JSON
  Parameters: {"id"=>"16"}
  [1m[35mBook Load (0.4ms)[0m  SELECT `books`.* FROM `books` WHERE `books`.`id` = 16 LIMIT 1
  [1m[36m (0.2ms)[0m  [1mBEGIN[0m
  [1m[35mSQL (0.2ms)[0m  DELETE FROM `books` WHERE `books`.`id` = 16
  [1m[36m (43.6ms)[0m  [1mCOMMIT[0m
Completed 204 No Content in 46ms (ActiveRecord: 44.4ms)


Started DELETE "/books/17" for 127.0.0.1 at 2013-09-26 15:47:02 +0530
Processing by BooksController#destroy as JSON
  Parameters: {"id"=>"17"}
  [1m[35mBook Load (0.5ms)[0m  SELECT `books`.* FROM `books` WHERE `books`.`id` = 17 LIMIT 1
  [1m[36m (0.1ms)[0m  [1mBEGIN[0m
  [1m[35mSQL (0.3ms)[0m  DELETE FROM `books` WHERE `books`.`id` = 17
  [1m[36m (43.4ms)[0m  [1mCOMMIT[0m
Completed 204 No Content in 46ms (ActiveRecord: 44.3ms)


Started DELETE "/books/18" for 127.0.0.1 at 2013-09-26 15:47:02 +0530
Processing by BooksController#destroy as JSON
  Parameters: {"id"=>"18"}
  [1m[35mBook Load (0.3ms)[0m  SELECT `books`.* FROM `books` WHERE `books`.`id` = 18 LIMIT 1
  [1m[36m (0.1ms)[0m  [1mBEGIN[0m
  [1m[35mSQL (0.3ms)[0m  DELETE FROM `books` WHERE `books`.`id` = 18
  [1m[36m (42.2ms)[0m  [1mCOMMIT[0m
Completed 204 No Content in 45ms (ActiveRecord: 43.0ms)


Started DELETE "/books/19" for 127.0.0.1 at 2013-09-26 15:47:02 +0530
Processing by BooksController#destroy as JSON
  Parameters: {"id"=>"19"}
  [1m[35mBook Load (0.4ms)[0m  SELECT `books`.* FROM `books` WHERE `books`.`id` = 19 LIMIT 1
  [1m[36m (0.1ms)[0m  [1mBEGIN[0m
  [1m[35mSQL (0.3ms)[0m  DELETE FROM `books` WHERE `books`.`id` = 19
  [1m[36m (53.1ms)[0m  [1mCOMMIT[0m
Completed 204 No Content in 55ms (ActiveRecord: 53.7ms)


Started DELETE "/books/20" for 127.0.0.1 at 2013-09-26 15:47:02 +0530
Processing by BooksController#destroy as JSON
  Parameters: {"id"=>"20"}
  [1m[35mBook Load (0.4ms)[0m  SELECT `books`.* FROM `books` WHERE `books`.`id` = 20 LIMIT 1
  [1m[36m (0.1ms)[0m  [1mBEGIN[0m
  [1m[35mSQL (0.3ms)[0m  DELETE FROM `books` WHERE `books`.`id` = 20
  [1m[36m (43.3ms)[0m  [1mCOMMIT[0m
Completed 204 No Content in 46ms (ActiveRecord: 44.1ms)


Started DELETE "/books/21" for 127.0.0.1 at 2013-09-26 15:47:02 +0530
Processing by BooksController#destroy as JSON
  Parameters: {"id"=>"21"}
  [1m[35mBook Load (0.4ms)[0m  SELECT `books`.* FROM `books` WHERE `books`.`id` = 21 LIMIT 1
  [1m[36m (0.2ms)[0m  [1mBEGIN[0m
  [1m[35mSQL (0.3ms)[0m  DELETE FROM `books` WHERE `books`.`id` = 21
  [1m[36m (42.3ms)[0m  [1mCOMMIT[0m
Completed 204 No Content in 45ms (ActiveRecord: 43.2ms)
DEPRECATION WARNING: You didn't set config.secret_key_base. Read the upgrade documentation to learn more about this new config option. (called from service at /home/user/.rvm/rubies/ruby-1.9.3-p194/lib/ruby/1.9.1/webrick/httpserver.rb:138)


Started GET "/books" for 127.0.0.1 at 2013-10-08 16:29:09 +0530
  [1m[36mActiveRecord::SchemaMigration Load (28.6ms)[0m  [1mSELECT `schema_migrations`.* FROM `schema_migrations`[0m
Processing by BooksController#index as JSON
  [1m[35mBook Load (12.3ms)[0m  SELECT `books`.* FROM `books`
Completed 200 OK in 129ms (Views: 1.2ms | ActiveRecord: 116.5ms)


Started POST "/books" for 127.0.0.1 at 2013-10-08 16:29:14 +0530
Processing by BooksController#create as JSON
  Parameters: {"title"=>"", "coverImage"=>"assets/img/placeholder.png", "author"=>"", "releaseDate"=>"", "keywords"=>""}
  [1m[36m (0.1ms)[0m  [1mBEGIN[0m
  [1m[35mSQL (83.6ms)[0m  INSERT INTO `books` (`created_at`, `updated_at`) VALUES ('2013-10-08 10:59:14', '2013-10-08 10:59:14')
  [1m[36m (78.4ms)[0m  [1mCOMMIT[0m
Completed 201 Created in 255ms (Views: 1.5ms | ActiveRecord: 162.4ms)


Started DELETE "/books/1" for 127.0.0.1 at 2013-10-08 16:29:15 +0530
Processing by BooksController#destroy as JSON
  Parameters: {"id"=>"1"}
  [1m[35mBook Load (13.3ms)[0m  SELECT `books`.* FROM `books` WHERE `books`.`id` = 1 LIMIT 1
  [1m[36m (0.2ms)[0m  [1mBEGIN[0m
  [1m[35mSQL (27.1ms)[0m  DELETE FROM `books` WHERE `books`.`id` = 1
  [1m[36m (89.2ms)[0m  [1mCOMMIT[0m
Completed 204 No Content in 134ms (ActiveRecord: 129.7ms)
